cl : command line warning D9035: option 'Gm' has been deprecated and will be removed in a future release
  Application5.cpp
C:\Users\56883\Desktop\GzRenderer\Application5.cpp(98,22): warning C4305: '=': truncation from 'double' to 'float'
C:\Users\56883\Desktop\GzRenderer\Application5.cpp(107,59): warning C4305: 'initializing': truncation from 'double' to 'float'
C:\Users\56883\Desktop\GzRenderer\Application5.cpp(108,60): warning C4305: 'initializing': truncation from 'double' to 'float'
C:\Users\56883\Desktop\GzRenderer\Application5.cpp(109,61): warning C4305: 'initializing': truncation from 'double' to 'float'
C:\Users\56883\Desktop\GzRenderer\Application5.cpp(115,54): warning C4305: 'initializing': truncation from 'double' to 'float'
C:\Users\56883\Desktop\GzRenderer\Application5.cpp(118,48): warning C4305: 'initializing': truncation from 'double' to 'float'
C:\Users\56883\Desktop\GzRenderer\Application5.cpp(119,47): warning C4305: 'initializing': truncation from 'double' to 'float'
C:\Users\56883\Desktop\GzRenderer\Application5.cpp(120,45): warning C4305: 'initializing': truncation from 'double' to 'float'
C:\Users\56883\Desktop\GzRenderer\Application5.cpp(46,20): warning C4101: 'interpStyle': unreferenced local variable
C:\Users\56883\Desktop\GzRenderer\Application5.cpp(46,8): warning C4101: 'shaderType': unreferenced local variable
C:\Users\56883\Desktop\GzRenderer\Application5.cpp(44,11): warning C4101: 'xRes': unreferenced local variable
C:\Users\56883\Desktop\GzRenderer\Application5.cpp(47,9): warning C4101: 'specpower': unreferenced local variable
C:\Users\56883\Desktop\GzRenderer\Application5.cpp(44,17): warning C4101: 'yRes': unreferenced local variable
C:\Users\56883\Desktop\GzRenderer\Application5.cpp(166,17): warning C4996: 'fopen': This function or variable may be unsafe. Consider using fopen_s instead. To disable deprecation, use _CRT_SECURE_NO_WARNINGS. See online help for details.
C:\Users\56883\Desktop\GzRenderer\Application5.cpp(173,18): warning C4996: 'fopen': This function or variable may be unsafe. Consider using fopen_s instead. To disable deprecation, use _CRT_SECURE_NO_WARNINGS. See online help for details.
C:\Users\56883\Desktop\GzRenderer\Application5.cpp(183,9): warning C4996: 'fscanf': This function or variable may be unsafe. Consider using fscanf_s instead. To disable deprecation, use _CRT_SECURE_NO_WARNINGS. See online help for details.
C:\Users\56883\Desktop\GzRenderer\Application5.cpp(184,6): warning C4996: 'fscanf': This function or variable may be unsafe. Consider using fscanf_s instead. To disable deprecation, use _CRT_SECURE_NO_WARNINGS. See online help for details.
C:\Users\56883\Desktop\GzRenderer\Application5.cpp(190,6): warning C4996: 'fscanf': This function or variable may be unsafe. Consider using fscanf_s instead. To disable deprecation, use _CRT_SECURE_NO_WARNINGS. See online help for details.
C:\Users\56883\Desktop\GzRenderer\Application5.cpp(196,6): warning C4996: 'fscanf': This function or variable may be unsafe. Consider using fscanf_s instead. To disable deprecation, use _CRT_SECURE_NO_WARNINGS. See online help for details.
  CS580HW5.vcxproj -> C:\Users\56883\Desktop\GzRenderer\Debug\CS580HW5.exe
